#
# A fatal error has been detected by the Java Runtime Environment:
#
#  SIGSEGV (0xb) at pc=0x00007f38f930d0a3, pid=7367, tid=139882611771136
#
# JRE version: 6.0_28-b28
# Java VM: OpenJDK 64-Bit Server VM (23.25-b01 mixed mode linux-amd64 compressed oops)
# Problematic frame:
# J  java.awt.Container.validate()V
#
# Failed to write core dump. Core dumps have been disabled. To enable core dumping, try "ulimit -c unlimited" before starting Java again
#
# If you would like to submit a bug report, please include
# instructions how to reproduce the bug and visit:
#   http://icedtea.classpath.org/bugzilla
#

---------------  T H R E A D  ---------------

Current thread (0x00007f38fc597800):  JavaThread "AWT-EventQueue-1" [_thread_in_Java, id=7390, stack(0x00007f38f5528000,0x00007f38f5629000)]

siginfo:si_signo=SIGSEGV: si_errno=0, si_code=1 (SEGV_MAPERR), si_addr=0x0000000000000008

Registers:
RAX=0x0000000000000000, RBX=0x00000000cd308450, RCX=0x00000000d6b776c8, RDX=0x0000000000000001
RSP=0x00007f38f5626720, RBP=0x0000000000000000, RSI=0x00000000d6cdc858, RDI=0x00007f38f930cffc
R8 =0x00000000d69fefc8, R9 =0x00000000d69fefc8, R10=0x00000000f3126f78, R11=0x0000000000000000
R12=0x0000000000000000, R13=0x00000000cc0ba120, R14=0x00007f38f5626718, R15=0x00007f38fc597800
RIP=0x00007f38f930d0a3, EFLAGS=0x0000000000010246, CSGSFS=0x0000000000000033, ERR=0x0000000000000004
  TRAPNO=0x000000000000000e

Top of Stack: (sp=0x00007f38f5626720)
0x00007f38f5626720:   00000000d6b776c8 00000000d6a01c60
0x00007f38f5626730:   00000000d6b776c8 00000000d6cdc858
0x00007f38f5626740:   00007f38b441ce40 00007f38b441cea8
0x00007f38f5626750:   0000000000000000 0000000000000007
0x00007f38f5626760:   0000000000000001 00000000d6b776c8
0x00007f38f5626770:   00007f38f56267d0 00007f38f9005e9a
0x00007f38f5626780:   00007f38f9005e9a 00000000d6a014c8
0x00007f38f5626790:   00007f38f5626790 00000000cd4b91dc
0x00007f38f56267a0:   00007f38f56267e0 00000000cd4b95f8
0x00007f38f56267b0:   0000000000000000 00000000cd4b91f8
0x00007f38f56267c0:   00007f38f5626788 00007f38f56267e0
0x00007f38f56267d0:   00007f38f5626828 00007f38f9005ff3
0x00007f38f56267e0:   00000000f32c4890 00007f38f56267e8
0x00007f38f56267f0:   00000000cd4b92c9 00007f38f5626838
0x00007f38f5626800:   00000000cd4b95f8 0000000000000000
0x00007f38f5626810:   00000000cd4b92e0 00007f38f56267e0
0x00007f38f5626820:   00007f38f5626838 00007f38f56268a0
0x00007f38f5626830:   00007f38f90004f7 00000000f32c4890
0x00007f38f5626840:   00007f3800001fa0 00007f38f5626920
0x00007f38f5626850:   00007f38f5626e70 00007f38fc597800
0x00007f38f5626860:   00007f38f5626dd0 00007f38d00093b0
0x00007f38f5626870:   00007f38f56268e0 00007f38f5626e78
0x00007f38f5626880:   00007f380000000c 00000000cd4b92e0
0x00007f38f5626890:   00007f38f900fb60 00007f38f5626dd8
0x00007f38f56268a0:   00007f38f5626980 00007f390208dbee
0x00007f38f56268b0:   00007f3900000001 00007f38fc597800
0x00007f38f56268c0:   0000000cfc01abe0 00007f38f900fb60
0x00007f38f56268d0:   00007f38f56268e0 01007f390239f98c
0x00007f38f56268e0:   00007f38fc597800 00007f38b40008f0
0x00007f38f56268f0:   00000000cd4b92e0 00000000f32c4890
0x00007f38f5626900:   00007f38f5626ef0 00007f38f9230b43
0x00007f38f5626910:   0000000000000000 00007f38f5626e70 

Instructions: (pc=0x00007f38f930d0a3)
0x00007f38f930d083:   24 41 8b 6b 14 85 ed 74 0d 44 8b 55 0c 45 85 d2
0x00007f38f930d093:   0f 85 72 0b 00 00 66 90 e8 20 f4 fb ff 48 8b e8
0x00007f38f930d0a3:   44 8b 50 08 4d 8b 5a 68 49 b8 d8 7e 2d cd 00 00
0x00007f38f930d0b3:   00 00 4d 3b d8 0f 85 44 02 00 00 41 81 fa 28 9e 

Register to memory mapping:

RAX=0x0000000000000000 is an unknown value
RBX=0x00000000cd308450 is an oop
{method} 
 - klass: {other class}
RCX=0x00000000d6b776c8 is an oop
java.util.concurrent.locks.ReentrantLock$NonfairSync 
 - klass: 'java/util/concurrent/locks/ReentrantLock$NonfairSync'
RDX=0x0000000000000001 is an unknown value
RSP=0x00007f38f5626720 is pointing into the stack for thread: 0x00007f38fc597800
RBP=0x0000000000000000 is an unknown value
RSI=0x00000000d6cdc858 is an oop
sun.misc.Unsafe 
 - klass: 'sun/misc/Unsafe'
RDI=0x00007f38f930b490 [CodeBlob (0x00007f38f930b490)]
Framesize: 12
R8 =0x00000000d69fefc8 is an oop
java.awt.EventDispatchThread 
 - klass: 'java/awt/EventDispatchThread'
R9 =0x00000000d69fefc8 is an oop
java.awt.EventDispatchThread 
 - klass: 'java/awt/EventDispatchThread'
R10=0x00000000f3126f78 is an oop
java.util.concurrent.locks.AbstractQueuedSynchronizer$Node 
 - klass: 'java/util/concurrent/locks/AbstractQueuedSynchronizer$Node'
R11=0x0000000000000000 is an unknown value
R12=0x0000000000000000 is an unknown value
R13=0x00000000cc0ba120 is an oop
{method} 
 - klass: {other class}
R14=0x00007f38f5626718 is pointing into the stack for thread: 0x00007f38fc597800
R15=0x00007f38fc597800 is a thread


Stack: [0x00007f38f5528000,0x00007f38f5629000],  sp=0x00007f38f5626720,  free space=1017k
Native frames: (J=compiled Java code, j=interpreted, Vv=VM code, C=native code)
J  java.awt.Container.validate()V

[error occurred during error reporting (printing native stack), id 0xb]


---------------  P R O C E S S  ---------------

Java Threads: ( => current thread )
  0x00007f38fc21f800 JavaThread "JapcExecutor-thread-187" [_thread_blocked, id=8627, stack(0x00007f38b34f5000,0x00007f38b35f6000)]
  0x00007f38fc5ee000 JavaThread "JapcExecutor-thread-186" [_thread_blocked, id=8626, stack(0x00007f38b35f6000,0x00007f38b36f7000)]
  0x00007f38fc6ac800 JavaThread "JapcExecutor-thread-185" [_thread_blocked, id=8625, stack(0x00007f38b36f7000,0x00007f38b37f8000)]
  0x00007f38fc563800 JavaThread "JapcExecutor-thread-184" [_thread_blocked, id=8624, stack(0x00007f38b32f3000,0x00007f38b33f4000)]
  0x00007f38c800a000 JavaThread "Thread-520" daemon [_thread_in_native, id=8150, stack(0x00007f38d88f3000,0x00007f38d89f4000)]
  0x00007f38d4003000 JavaThread "Thread-517" daemon [_thread_blocked, id=8147, stack(0x00007f38d87f2000,0x00007f38d88f3000)]
  0x00007f38c8009000 JavaThread "Thread-304" daemon [_thread_in_native, id=7879, stack(0x00007f38d8af5000,0x00007f38d8bf6000)]
  0x00007f38c8002800 JavaThread "Thread-13" daemon [_thread_blocked, id=7450, stack(0x00007f38d84ef000,0x00007f38d85f0000)]
  0x00007f38c400d800 JavaThread "RequestProcessor-5" daemon [_thread_blocked, id=7409, stack(0x00007f38d9b05000,0x00007f38d9c06000)]
  0x00007f38c400b800 JavaThread "RequestProcessor-4" daemon [_thread_blocked, id=7408, stack(0x00007f38f40ee000,0x00007f38f41ef000)]
  0x00007f38c400a000 JavaThread "RequestProcessor-3" daemon [_thread_blocked, id=7407, stack(0x00007f38f41ef000,0x00007f38f42f0000)]
  0x00007f38c4008800 JavaThread "RequestProcessor-2" daemon [_thread_blocked, id=7406, stack(0x00007f38f42f0000,0x00007f38f43f1000)]
  0x00007f38c4001800 JavaThread "RequestProcessor-1" daemon [_thread_blocked, id=7405, stack(0x00007f38f43f1000,0x00007f38f44f2000)]
  0x00007f38c8002000 JavaThread "Thread-9" daemon [_thread_blocked, id=7404, stack(0x00007f38f44f2000,0x00007f38f45f3000)]
  0x00007f38b4346000 JavaThread "RsBbqVmeExV1DU.sddsc021" daemon [_thread_blocked, id=7403, stack(0x00007f38f45f3000,0x00007f38f46f4000)]
  0x00007f38b433e800 JavaThread "Thread-6" daemon [_thread_blocked, id=7400, stack(0x00007f38f46f4000,0x00007f38f47f5000)]
  0x00007f38b4062800 JavaThread "Thread-4" daemon [_thread_blocked, id=7399, stack(0x00007f38f49fc000,0x00007f38f4afd000)]
  0x00007f38b42b9800 JavaThread "RequestController-1" daemon [_thread_blocked, id=7397, stack(0x00007f38f4afd000,0x00007f38f4bfe000)]
  0x00007f38b41f6000 JavaThread "Thread-2" daemon [_thread_in_native, id=7396, stack(0x00007f38f4bfe000,0x00007f38f4cff000)]
  0x00007f38fc009000 JavaThread "DestroyJavaVM" [_thread_blocked, id=7372, stack(0x00007f39017d1000,0x00007f39018d2000)]
  0x00007f38fc76f000 JavaThread "TimerQueue" daemon [_thread_blocked, id=7395, stack(0x00007f38f4cff000,0x00007f38f4e00000)]
  0x00007f38fc655800 JavaThread "Timer-0" [_thread_blocked, id=7394, stack(0x00007f38f5023000,0x00007f38f5124000)]
=>0x00007f38fc597800 JavaThread "AWT-EventQueue-1" [_thread_in_Java, id=7390, stack(0x00007f38f5528000,0x00007f38f5629000)]
  0x00007f38fc597000 JavaThread "AWT-Shutdown" [_thread_blocked, id=7389, stack(0x00007f38f5427000,0x00007f38f5528000)]
  0x00007f38fc485800 JavaThread "AWT-XAWT" daemon [_thread_in_native, id=7384, stack(0x00007f38f5629000,0x00007f38f572a000)]
  0x00007f38fc389000 JavaThread "Java2D Disposer" daemon [_thread_blocked, id=7383, stack(0x00007f38f5c0e000,0x00007f38f5d0f000)]
  0x00007f38fc0f6000 JavaThread "Low Memory Detector" daemon [_thread_blocked, id=7381, stack(0x00007f38f66af000,0x00007f38f67b0000)]
  0x00007f38fc0f4000 JavaThread "C2 CompilerThread1" daemon [_thread_blocked, id=7380, stack(0x00007f38f67b0000,0x00007f38f68b1000)]
  0x00007f38fc0f1000 JavaThread "C2 CompilerThread0" daemon [_thread_blocked, id=7379, stack(0x00007f38f68b1000,0x00007f38f69b2000)]
  0x00007f38fc0ee800 JavaThread "Signal Dispatcher" daemon [_thread_blocked, id=7378, stack(0x00007f38f69b2000,0x00007f38f6ab3000)]
  0x00007f38fc0a0000 JavaThread "Finalizer" daemon [_thread_blocked, id=7377, stack(0x00007f38f6ab3000,0x00007f38f6bb4000)]
  0x00007f38fc09e000 JavaThread "Reference Handler" daemon [_thread_blocked, id=7376, stack(0x00007f38f6bb4000,0x00007f38f6cb5000)]

Other Threads:
  0x00007f38fc08f000 VMThread [stack: 0x00007f38f6cb5000,0x00007f38f6db6000] [id=7375]
  0x00007f38fc100800 WatcherThread [stack: 0x00007f38f65ae000,0x00007f38f66af000] [id=7382]

VM state:not at safepoint (normal execution)

VM Mutex/Monitor currently owned by a thread: None

Heap
 PSYoungGen      total 37568K, used 19264K [0x00000000f2200000, 0x00000000f5170000, 0x0000000100000000)
  eden space 35776K, 48% used [0x00000000f2200000,0x00000000f3317d68,0x00000000f44f0000)
  from space 1792K, 98% used [0x00000000f4610000,0x00000000f47c84e0,0x00000000f47d0000)
  to   space 6400K, 0% used [0x00000000f4b30000,0x00000000f4b30000,0x00000000f5170000)
 ParOldGen       total 54528K, used 32860K [0x00000000d6600000, 0x00000000d9b40000, 0x00000000f2200000)
  object space 54528K, 60% used [0x00000000d6600000,0x00000000d86170c8,0x00000000d9b40000)
 PSPermGen       total 54976K, used 28344K [0x00000000cc000000, 0x00000000cf5b0000, 0x00000000d6600000)
  object space 54976K, 51% used [0x00000000cc000000,0x00000000cdbae250,0x00000000cf5b0000)

Card table byte_map: [0x00007f3900cfd000,0x00007f3900e9e000] byte_map_base: 0x00007f390069d000

Polling page: 0x00007f390284c000

Code Cache  [0x00007f38f9000000, 0x00007f38f9330000, 0x00007f38fc000000)
 total_blobs=1440 nmethods=887 adapters=505 free_code_cache=46010Kb largest_free_block=47027264

Compilation events (10 events):
Event: 5979.415 Thread 0x00007f38fc0f4000 nmethod 925 0x00007f38f9242fd0 code [0x00007f38f9243120, 0x00007f38f9243238]
Event: 5982.350 Thread 0x00007f38fc0f1000  928             sun.awt.AWTAccessor::getComponentAccessor (19 bytes)
Event: 5982.351 Thread 0x00007f38fc0f1000 nmethod 928 0x00007f38f9242d10 code [0x00007f38f9242e40, 0x00007f38f9242eb8]
Event: 5987.840 Thread 0x00007f38fc0f1000  929             java.awt.geom.AffineTransform::hashCode (87 bytes)
Event: 5987.841 Thread 0x00007f38fc0f1000 nmethod 929 0x00007f38f92e2210 code [0x00007f38f92e2340, 0x00007f38f92e24b8]
Event: 5993.230 Thread 0x00007f38fc0f4000  930             sun.awt.NullComponentPeer::layout (1 bytes)
Event: 5993.231 Thread 0x00007f38fc0f4000 nmethod 930 0x00007f38f92e8290 code [0x00007f38f92e83c0, 0x00007f38f92e8418]
Event: 6007.150 Thread 0x00007f38fc0f4000  931   !         java.awt.Container::validate (100 bytes)
Event: 6007.444 Thread 0x00007f38fc0f4000 nmethod 931 0x00007f38f930b490 code [0x00007f38f930c4e0, 0x00007f38f9313908]
Event: 6018.846 Thread 0x00007f38fc0f1000  932             javax.swing.JComponent::isValidateRoot (2 bytes)

GC Heap History (10 events):
Event: 5327.591 GC heap before
{Heap before GC invocations=55 (full 2):
 PSYoungGen      total 47552K, used 44946K [0x00000000f2200000, 0x00000000f5930000, 0x0000000100000000)
  eden space 42176K, 100% used [0x00000000f2200000,0x00000000f4b30000,0x00000000f4b30000)
  from space 5376K, 51% used [0x00000000f53f0000,0x00000000f56a4818,0x00000000f5930000)
  to   space 7168K, 0% used [0x00000000f4b30000,0x00000000f4b30000,0x00000000f5230000)
 ParOldGen       total 54528K, used 32708K [0x00000000d6600000, 0x00000000d9b40000, 0x00000000f2200000)
  object space 54528K, 59% used [0x00000000d6600000,0x00000000d85f10c8,0x00000000d9b40000)
 PSPermGen       total 54976K, used 28293K [0x00000000cc000000, 0x00000000cf5b0000, 0x00000000d6600000)
  object space 54976K, 51% used [0x00000000cc000000,0x00000000cdba1480,0x00000000cf5b0000)
Event: 5327.596 GC heap after
Heap after GC invocations=55 (full 2):
 PSYoungGen      total 43584K, used 2802K [0x00000000f2200000, 0x00000000f5730000, 0x0000000100000000)
  eden space 40768K, 0% used [0x00000000f2200000,0x00000000f2200000,0x00000000f49d0000)
  from space 2816K, 99% used [0x00000000f4b30000,0x00000000f4dec818,0x00000000f4df0000)
  to   space 6848K, 0% used [0x00000000f5080000,0x00000000f5080000,0x00000000f5730000)
 ParOldGen       total 54528K, used 32716K [0x00000000d6600000, 0x00000000d9b40000, 0x00000000f2200000)
  object space 54528K, 59% used [0x00000000d6600000,0x00000000d85f30c8,0x00000000d9b40000)
 PSPermGen       total 54976K, used 28293K [0x00000000cc000000, 0x00000000cf5b0000, 0x00000000d6600000)
  object space 54976K, 51% used [0x00000000cc000000,0x00000000cdba1480,0x00000000cf5b0000)
}
Event: 5363.008 GC heap before
{Heap before GC invocations=56 (full 2):
 PSYoungGen      total 43584K, used 43570K [0x00000000f2200000, 0x00000000f5730000, 0x0000000100000000)
  eden space 40768K, 100% used [0x00000000f2200000,0x00000000f49d0000,0x00000000f49d0000)
  from space 2816K, 99% used [0x00000000f4b30000,0x00000000f4dec818,0x00000000f4df0000)
  to   space 6848K, 0% used [0x00000000f5080000,0x00000000f5080000,0x00000000f5730000)
 ParOldGen       total 54528K, used 32716K [0x00000000d6600000, 0x00000000d9b40000, 0x00000000f2200000)
  object space 54528K, 59% used [0x00000000d6600000,0x00000000d85f30c8,0x00000000d9b40000)
 PSPermGen       total 54976K, used 28297K [0x00000000cc000000, 0x00000000cf5b0000, 0x00000000d6600000)
  object space 54976K, 51% used [0x00000000cc000000,0x00000000cdba2610,0x00000000cf5b0000)
Event: 5363.011 GC heap after
Heap after GC invocations=56 (full 2):
 PSYoungGen      total 44416K, used 2277K [0x00000000f2200000, 0x00000000f5560000, 0x0000000100000000)
  eden space 39424K, 0% used [0x00000000f2200000,0x00000000f2200000,0x00000000f4880000)
  from space 4992K, 45% used [0x00000000f5080000,0x00000000f52b95b0,0x00000000f5560000)
  to   space 6592K, 0% used [0x00000000f4880000,0x00000000f4880000,0x00000000f4ef0000)
 ParOldGen       total 54528K, used 32724K [0x00000000d6600000, 0x00000000d9b40000, 0x00000000f2200000)
  object space 54528K, 60% used [0x00000000d6600000,0x00000000d85f50c8,0x00000000d9b40000)
 PSPermGen       total 54976K, used 28297K [0x00000000cc000000, 0x00000000cf5b0000, 0x00000000d6600000)
  object space 54976K, 51% used [0x00000000cc000000,0x00000000cdba2610,0x00000000cf5b0000)
}
Event: 5594.815 GC heap before
{Heap before GC invocations=57 (full 2):
 PSYoungGen      total 44416K, used 41701K [0x00000000f2200000, 0x00000000f5560000, 0x0000000100000000)
  eden space 39424K, 100% used [0x00000000f2200000,0x00000000f4880000,0x00000000f4880000)
  from space 4992K, 45% used [0x00000000f5080000,0x00000000f52b95b0,0x00000000f5560000)
  to   space 6592K, 0% used [0x00000000f4880000,0x00000000f4880000,0x00000000f4ef0000)
 ParOldGen       total 54528K, used 32724K [0x00000000d6600000, 0x00000000d9b40000, 0x00000000f2200000)
  object space 54528K, 60% used [0x00000000d6600000,0x00000000d85f50c8,0x00000000d9b40000)
 PSPermGen       total 54976K, used 28302K [0x00000000cc000000, 0x00000000cf5b0000, 0x00000000d6600000)
  object space 54976K, 51% used [0x00000000cc000000,0x00000000cdba38c8,0x00000000cf5b0000)
Event: 5594.817 GC heap after
Heap after GC invocations=57 (full 2):
 PSYoungGen      total 38912K, used 736K [0x00000000f2200000, 0x00000000f5440000, 0x0000000100000000)
  eden space 38144K, 0% used [0x00000000f2200000,0x00000000f2200000,0x00000000f4740000)
  from space 768K, 95% used [0x00000000f4880000,0x00000000f4938050,0x00000000f4940000)
  to   space 6656K, 0% used [0x00000000f4dc0000,0x00000000f4dc0000,0x00000000f5440000)
 ParOldGen       total 54528K, used 32836K [0x00000000d6600000, 0x00000000d9b40000, 0x00000000f2200000)
  object space 54528K, 60% used [0x00000000d6600000,0x00000000d86110c8,0x00000000d9b40000)
 PSPermGen       total 54976K, used 28302K [0x00000000cc000000, 0x00000000cf5b0000, 0x00000000d6600000)
  object space 54976K, 51% used [0x00000000cc000000,0x00000000cdba38c8,0x00000000cf5b0000)
}
Event: 5897.222 GC heap before
{Heap before GC invocations=58 (full 2):
 PSYoungGen      total 38912K, used 38880K [0x00000000f2200000, 0x00000000f5440000, 0x0000000100000000)
  eden space 38144K, 100% used [0x00000000f2200000,0x00000000f4740000,0x00000000f4740000)
  from space 768K, 95% used [0x00000000f4880000,0x00000000f4938050,0x00000000f4940000)
  to   space 6656K, 0% used [0x00000000f4dc0000,0x00000000f4dc0000,0x00000000f5440000)
 ParOldGen       total 54528K, used 32836K [0x00000000d6600000, 0x00000000d9b40000, 0x00000000f2200000)
  object space 54528K, 60% used [0x00000000d6600000,0x00000000d86110c8,0x00000000d9b40000)
 PSPermGen       total 54976K, used 28323K [0x00000000cc000000, 0x00000000cf5b0000, 0x00000000d6600000)
  object space 54976K, 51% used [0x00000000cc000000,0x00000000cdba8e68,0x00000000cf5b0000)
Event: 5897.224 GC heap after
Heap after GC invocations=58 (full 2):
 PSYoungGen      total 42368K, used 672K [0x00000000f2200000, 0x00000000f5310000, 0x0000000100000000)
  eden space 36928K, 0% used [0x00000000f2200000,0x00000000f2200000,0x00000000f4610000)
  from space 5440K, 12% used [0x00000000f4dc0000,0x00000000f4e68050,0x00000000f5310000)
  to   space 6656K, 0% used [0x00000000f4610000,0x00000000f4610000,0x00000000f4c90000)
 ParOldGen       total 54528K, used 32860K [0x00000000d6600000, 0x00000000d9b40000, 0x00000000f2200000)
  object space 54528K, 60% used [0x00000000d6600000,0x00000000d86170c8,0x00000000d9b40000)
 PSPermGen       total 54976K, used 28323K [0x00000000cc000000, 0x00000000cf5b0000, 0x00000000d6600000)
  object space 54976K, 51% used [0x00000000cc000000,0x00000000cdba8e68,0x00000000cf5b0000)
}
Event: 5983.487 GC heap before
{Heap before GC invocations=59 (full 2):
 PSYoungGen      total 42368K, used 37600K [0x00000000f2200000, 0x00000000f5310000, 0x0000000100000000)
  eden space 36928K, 100% used [0x00000000f2200000,0x00000000f4610000,0x00000000f4610000)
  from space 5440K, 12% used [0x00000000f4dc0000,0x00000000f4e68050,0x00000000f5310000)
  to   space 6656K, 0% used [0x00000000f4610000,0x00000000f4610000,0x00000000f4c90000)
 ParOldGen       total 54528K, used 32860K [0x00000000d6600000, 0x00000000d9b40000, 0x00000000f2200000)
  object space 54528K, 60% used [0x00000000d6600000,0x00000000d86170c8,0x00000000d9b40000)
 PSPermGen       total 54976K, used 28337K [0x00000000cc000000, 0x00000000cf5b0000, 0x00000000d6600000)
  object space 54976K, 51% used [0x00000000cc000000,0x00000000cdbac728,0x00000000cf5b0000)
Event: 5983.490 GC heap after
Heap after GC invocations=59 (full 2):
 PSYoungGen      total 37568K, used 1761K [0x00000000f2200000, 0x00000000f5170000, 0x0000000100000000)
  eden space 35776K, 0% used [0x00000000f2200000,0x00000000f2200000,0x00000000f44f0000)
  from space 1792K, 98% used [0x00000000f4610000,0x00000000f47c84e0,0x00000000f47d0000)
  to   space 6400K, 0% used [0x00000000f4b30000,0x00000000f4b30000,0x00000000f5170000)
 ParOldGen       total 54528K, used 32860K [0x00000000d6600000, 0x00000000d9b40000, 0x00000000f2200000)
  object space 54528K, 60% used [0x00000000d6600000,0x00000000d86170c8,0x00000000d9b40000)
 PSPermGen       total 54976K, used 28337K [0x00000000cc000000, 0x00000000cf5b0000, 0x00000000d6600000)
  object space 54976K, 51% used [0x00000000cc000000,0x00000000cdbac728,0x00000000cf5b0000)
}

Deoptimization events (10 events):
Event: 4739.794 Thread 0x00007f38fc597800 Uncommon trap -34 fr.pc 0x00007f38f91dc560
Event: 4739.794 Thread 0x00007f38fc597800 Uncommon trap -34 fr.pc 0x00007f38f91a1c10
Event: 4739.794 Thread 0x00007f38fc597800 Uncommon trap -34 fr.pc 0x00007f38f91a1c10
Event: 4739.794 Thread 0x00007f38fc597800 Uncommon trap -34 fr.pc 0x00007f38f91dc560
Event: 4739.794 Thread 0x00007f38fc597800 Uncommon trap -34 fr.pc 0x00007f38f923f204
Event: 4739.794 Thread 0x00007f38fc597800 Uncommon trap -34 fr.pc 0x00007f38f917966c
Event: 4739.794 Thread 0x00007f38fc597800 Uncommon trap -34 fr.pc 0x00007f38f919faa4
Event: 4739.794 Thread 0x00007f38fc597800 Uncommon trap -34 fr.pc 0x00007f38f91d5cec
Event: 4739.795 Thread 0x00007f38fc597800 Uncommon trap -83 fr.pc 0x00007f38f92662b4
Event: 4740.430 Thread 0x00007f38fc597800 Uncommon trap -34 fr.pc 0x00007f38f9271b64

Internal exceptions (10 events):
Event: 5256.873 Thread 0x00007f38b4346000 Threw 0x00000000f39a4ee0 at /builddir/build/BUILD/icedtea6-1.13.0/openjdk/hotspot/src/share/vm/interpreter/interpreterRuntime.cpp:3
Event: 5256.874 Thread 0x00007f38d400a000 Threw 0x00000000f39ac4d0 at /builddir/build/BUILD/icedtea6-1.13.0/openjdk/hotspot/src/share/vm/prims/jni.cpp:716
Event: 5266.876 Thread 0x00007f38b4346000 Threw 0x00000000f39d5690 at /builddir/build/BUILD/icedtea6-1.13.0/openjdk/hotspot/src/share/vm/interpreter/interpreterRuntime.cpp:3
Event: 5266.878 Thread 0x00007f38d400a000 Threw 0x00000000f39dcb28 at /builddir/build/BUILD/icedtea6-1.13.0/openjdk/hotspot/src/share/vm/prims/jni.cpp:716
Event: 5276.881 Thread 0x00007f38b4346000 Threw 0x00000000f3e60e98 at /builddir/build/BUILD/icedtea6-1.13.0/openjdk/hotspot/src/share/vm/interpreter/interpreterRuntime.cpp:3
Event: 5276.887 Thread 0x00007f38b4346000 Threw 0x00000000f3e87e40 at /builddir/build/BUILD/icedtea6-1.13.0/openjdk/hotspot/src/share/vm/interpreter/interpreterRuntime.cpp:3
Event: 5956.944 Thread 0x00007f38d4009000 Threw 0x00000000f2807b60 at /builddir/build/BUILD/icedtea6-1.13.0/openjdk/hotspot/src/share/vm/prims/jni.cpp:716
Event: 5967.021 Thread 0x00007f38b4346000 Threw 0x00000000f282df68 at /builddir/build/BUILD/icedtea6-1.13.0/openjdk/hotspot/src/share/vm/interpreter/interpreterRuntime.cpp:3
Event: 5967.028 Thread 0x00007f38b4346000 Threw 0x00000000f28518c0 at /builddir/build/BUILD/icedtea6-1.13.0/openjdk/hotspot/src/share/vm/interpreter/interpreterRuntime.cpp:3
Event: 6018.847 Thread 0x00007f38fc597800 Implicit null exception at 0x00007f38f930d0a3 to 0x0000000000000000

Events (10 events):
Event: 5971.159 Executing VM operation: RevokeBias
Event: 5971.159 Executing VM operation: RevokeBias done
Event: 5971.159 Executing VM operation: RevokeBias
Event: 5971.159 Executing VM operation: RevokeBias done
Event: 5971.166 Thread 0x00007f38fc563800 Thread added: 0x00007f38fc563800
Event: 5971.633 Thread 0x00007f38fc6ac800 Thread added: 0x00007f38fc6ac800
Event: 5972.633 Thread 0x00007f38fc5ee000 Thread added: 0x00007f38fc5ee000
Event: 5973.633 Thread 0x00007f38fc21f800 Thread added: 0x00007f38fc21f800
Event: 5983.487 Executing VM operation: ParallelGCFailedAllocation
Event: 5983.490 Executing VM operation: ParallelGCFailedAllocation done


Dynamic libraries:
00400000-00409000 r-xp 00000000 fd:00 917473                             /usr/lib/jvm/java-1.6.0-openjdk-1.6.0.0.x86_64/bin/java
00608000-0060a000 rw-p 00008000 fd:00 917473                             /usr/lib/jvm/java-1.6.0-openjdk-1.6.0.0.x86_64/bin/java
0125b000-012a1000 rw-p 00000000 00:00 0                                  [heap]
cc000000-cf5b0000 rw-p 00000000 00:00 0 
cf5b0000-d6600000 rw-p 00000000 00:00 0 
d6600000-d9b40000 rw-p 00000000 00:00 0 
d9b40000-f2200000 rw-p 00000000 00:00 0 
f2200000-f5170000 rw-p 00000000 00:00 0 
f5170000-fa620000 ---p 00000000 00:00 0 
fa620000-100000000 rw-p 00000000 00:00 0 
30ab200000-30ab220000 r-xp 00000000 fd:00 417945                         /lib64/ld-2.12.so
30ab41f000-30ab420000 r--p 0001f000 fd:00 417945                         /lib64/ld-2.12.so
30ab420000-30ab421000 rw-p 00020000 fd:00 417945                         /lib64/ld-2.12.so
30ab421000-30ab422000 rw-p 00000000 00:00 0 
30ab600000-30ab78b000 r-xp 00000000 fd:00 417948                         /lib64/libc-2.12.so
30ab78b000-30ab98a000 ---p 0018b000 fd:00 417948                         /lib64/libc-2.12.so
30ab98a000-30ab98e000 r--p 0018a000 fd:00 417948                         /lib64/libc-2.12.so
30ab98e000-30ab98f000 rw-p 0018e000 fd:00 417948                         /lib64/libc-2.12.so
30ab98f000-30ab994000 rw-p 00000000 00:00 0 
30aba00000-30aba04000 r-xp 00000000 fd:00 1444148                        /usr/lib/jvm/java-1.6.0-openjdk-1.6.0.0.x86_64/lib/amd64/jli/libjli.so
30aba04000-30abc03000 ---p 00004000 fd:00 1444148                        /usr/lib/jvm/java-1.6.0-openjdk-1.6.0.0.x86_64/lib/amd64/jli/libjli.so
30abc03000-30abc04000 rw-p 00003000 fd:00 1444148                        /usr/lib/jvm/java-1.6.0-openjdk-1.6.0.0.x86_64/lib/amd64/jli/libjli.so
30abe00000-30abe17000 r-xp 00000000 fd:00 417953                         /lib64/libpthread-2.12.so
30abe17000-30ac017000 ---p 00017000 fd:00 417953                         /lib64/libpthread-2.12.so
30ac017000-30ac018000 r--p 00017000 fd:00 417953                         /lib64/libpthread-2.12.so
30ac018000-30ac019000 rw-p 00018000 fd:00 417953                         /lib64/libpthread-2.12.so
30ac019000-30ac01d000 rw-p 00000000 00:00 0 
30ac200000-30ac202000 r-xp 00000000 fd:00 417963                         /lib64/libdl-2.12.so
30ac202000-30ac402000 ---p 00002000 fd:00 417963                         /lib64/libdl-2.12.so
30ac402000-30ac403000 r--p 00002000 fd:00 417963                         /lib64/libdl-2.12.so
30ac403000-30ac404000 rw-p 00003000 fd:00 417963                         /lib64/libdl-2.12.so
30ac600000-30ac615000 r-xp 00000000 fd:00 417960                         /lib64/libz.so.1.2.3
30ac615000-30ac814000 ---p 00015000 fd:00 417960                         /lib64/libz.so.1.2.3
30ac814000-30ac815000 r--p 00014000 fd:00 417960                         /lib64/libz.so.1.2.3
30ac815000-30ac816000 rw-p 00015000 fd:00 417960                         /lib64/libz.so.1.2.3
30aca00000-30aca07000 r-xp 00000000 fd:00 417954                         /lib64/librt-2.12.so
30aca07000-30acc06000 ---p 00007000 fd:00 417954                         /lib64/librt-2.12.so
30acc06000-30acc07000 r--p 00006000 fd:00 417954                         /lib64/librt-2.12.so
30acc07000-30acc08000 rw-p 00007000 fd:00 417954                         /lib64/librt-2.12.so
30ae600000-30ae737000 r-xp 00000000 fd:00 532356                         /usr/lib64/libX11.so.6.3.0
30ae737000-30ae937000 ---p 00137000 fd:00 532356                         /usr/lib64/libX11.so.6.3.0
30ae937000-30ae93d000 rw-p 00137000 fd:00 532356                         /usr/lib64/libX11.so.6.3.0
30aea00000-30aea1d000 r-xp 00000000 fd:00 532241                         /usr/lib64/libxcb.so.1.1.0
30aea1d000-30aec1d000 ---p 0001d000 fd:00 532241                         /usr/lib64/libxcb.so.1.1.0
30aec1d000-30aec1e000 rw-p 0001d000 fd:00 532241                         /usr/lib64/libxcb.so.1.1.0
30aee00000-30aee02000 r-xp 00000000 fd:00 531462                         /usr/lib64/libXau.so.6.0.0
30aee02000-30af002000 ---p 00002000 fd:00 531462                         /usr/lib64/libXau.so.6.0.0
30af002000-30af003000 rw-p 00002000 fd:00 531462                         /usr/lib64/libXau.so.6.0.0
30afe00000-30afe12000 r-xp 00000000 fd:00 535414                         /usr/lib64/libXext.so.6.4.0
30afe12000-30b0012000 ---p 00012000 fd:00 535414                         /usr/lib64/libXext.so.6.4.0
30b0012000-30b0013000 rw-p 00012000 fd:00 535414                         /usr/lib64/libXext.so.6.4.0
30b0600000-30b0694000 r-xp 00000000 fd:00 531093                         /usr/lib64/libfreetype.so.6.3.22
30b0694000-30b0893000 ---p 00094000 fd:00 531093                         /usr/lib64/libfreetype.so.6.3.22
30b0893000-30b0899000 rw-p 00093000 fd:00 531093                         /usr/lib64/libfreetype.so.6.3.22
30b0e00000-30b0e0e000 r-xp 00000000 fd:00 535922                         /usr/lib64/libXi.so.6.1.0
30b0e0e000-30b100e000 ---p 0000e000 fd:00 535922                         /usr/lib64/libXi.so.6.1.0
30b100e000-30b100f000 rw-p 0000e000 fd:00 535922                         /usr/lib64/libXi.so.6.1.0
30b1200000-30b1209000 r-xp 00000000 fd:00 532388                         /usr/lib64/libXrender.so.1.3.0
30b1209000-30b1409000 ---p 00009000 fd:00 532388                         /usr/lib64/libXrender.so.1.3.0
30b1409000-30b140a000 rw-p 00009000 fd:00 532388                         /usr/lib64/libXrender.so.1.3.0
30b1a00000-30b1a05000 r-xp 00000000 fd:00 541722                         /usr/lib64/libXfixes.so.3.1.0
30b1a05000-30b1c05000 ---p 00005000 fd:00 541722                         /usr/lib64/libXfixes.so.3.1.0
30b1c05000-30b1c06000 rw-p 00005000 fd:00 541722                         /usr/lib64/libXfixes.so.3.1.0
30b2200000-30b2209000 r-xp 00000000 fd:00 541726                         /usr/lib64/libXcursor.so.1.0.2
30b2209000-30b2409000 ---p 00009000 fd:00 541726                         /usr/lib64/libXcursor.so.1.0.2
30b2409000-30b240a000 rw-p 00009000 fd:00 541726                         /usr/lib64/libXcursor.so.1.0.2
30b5600000-30b5616000 r-xp 00000000 fd:00 417975                         /lib64/libgcc_s-4.4.7-20120601.so.1
30b5616000-30b5815000 ---p 00016000 fd:00 417975                         /lib64/libgcc_s-4.4.7-20120601.so.1
30b5815000-30b5816000 rw-p 00015000 fd:00 417975                         /lib64/libgcc_s-4.4.7-20120601.so.1
30b7a00000-30b7ae8000 r-xp 00000000 fd:00 532389                         /usr/lib64/libstdc++.so.6.0.13
30b7ae8000-30b7ce8000 ---p 000e8000 fd:00 532389                         /usr/lib64/libstdc++.so.6.0.13
30b7ce8000-30b7cef000 r--p 000e8000 fd:00 532389                         /usr/lib64/libstdc++.so.6.0.13
30b7cef000-30b7cf1000 rw-p 000ef000 fd:00 532389                         /usr/lib64/libstdc++.so.6.0.13
30b7cf1000-30b7d06000 rw-p 00000000 00:00 0 
30bae00000-30bae16000 r-xp 00000000 fd:00 392650                         /lib64/libnsl-2.12.so
30bae16000-30bb015000 ---p 00016000 fd:00 392650                         /lib64/libnsl-2.12.so
30bb015000-30bb016000 r--p 00015000 fd:00 392650                         /lib64/libnsl-2.12.so
30bb016000-30bb017000 rw-p 00016000 fd:00 392650                         /lib64/libnsl-2.12.so
30bb017000-30bb019000 rw-p 00000000 00:00 0 
30c0600000-30c0605000 r-xp 00000000 fd:00 542474                         /usr/lib64/libXtst.so.6.1.0
30c0605000-30c0805000 ---p 00005000 fd:00 542474                         /usr/lib64/libXtst.so.6.1.0
30c0805000-30c0806000 rw-p 00005000 fd:00 542474                         /usr/lib64/libXtst.so.6.1.0
30f2e00000-30f2e16000 r-xp 00000000 fd:00 431239                         /lib64/libresolv-2.12.so
30f2e16000-30f3016000 ---p 00016000 fd:00 431239                         /lib64/libresolv-2.12.so
30f3016000-30f3017000 r--p 00016000 fd:00 431239                         /lib64/libresolv-2.12.so
30f3017000-30f3018000 rw-p 00017000 fd:00 431239                         /lib64/libresolv-2.12.so
30f3018000-30f301a000 rw-p 00000000 00:00 0 
7f38b30f1000-7f38b30f4000 ---p 00000000 00:00 0 
7f38b30f4000-7f38b31f2000 rw-p 00000000 00:00 0 
7f38b32f3000-7f38b32f6000 ---p 00000000 00:00 0 
7f38b32f6000-7f38b33f4000 rw-p 00000000 00:00 0 
7f38b33f4000-7f38b33f7000 ---p 00000000 00:00 0 
7f38b33f7000-7f38b34f5000 rw-p 00000000 00:00 0 
7f38b34f5000-7f38b34f8000 ---p 00000000 00:00 0 
7f38b34f8000-7f38b35f6000 rw-p 00000000 00:00 0 
7f38b35f6000-7f38b35f9000 ---p 00000000 00:00 0 
7f38b35f9000-7f38b36f7000 rw-p 00000000 00:00 0 
7f38b36f7000-7f38b36fa000 ---p 00000000 00:00 0 
7f38b36fa000-7f38b37f8000 rw-p 00000000 00:00 0 
7f38b37f8000-7f38b37fb000 ---p 00000000 00:00 0 
7f38b37fb000-7f38b38f9000 rw-p 00000000 00:00 0 
7f38b38f9000-7f38b38fc000 ---p 00000000 00:00 0 
7f38b38fc000-7f38b39fa000 rw-p 00000000 00:00 0 
7f38b39fa000-7f38b39fd000 ---p 00000000 00:00 0 
7f38b39fd000-7f38b3afb000 rw-p 00000000 00:00 0 
7f38b3afb000-7f38b3afe000 ---p 00000000 00:00 0 
7f38b3afe000-7f38b3bfc000 rw-p 00000000 00:00 0 
7f38b3bfc000-7f38b3bff000 ---p 00000000 00:00 0 
7f38b3bff000-7f38b3cfd000 rw-p 00000000 00:00 0 
7f38b3cfd000-7f38b3d00000 ---p 00000000 00:00 0 
7f38b3d00000-7f38b3dfe000 rw-p 00000000 00:00 0 
7f38b3dfe000-7f38b3e01000 ---p 00000000 00:00 0 
7f38b3e01000-7f38b3eff000 rw-p 00000000 00:00 0 
7f38b3eff000-7f38b3f02000 ---p 00000000 00:00 0 
7f38b3f02000-7f38b4000000 rw-p 00000000 00:00 0 
7f38b4000000-7f38b4a50000 rw-p 00000000 00:00 0 
7f38b4a50000-7f38b8000000 ---p 00000000 00:00 0 
7f38b8000000-7f38b8021000 rw-p 00000000 00:00 0 
7f38b8021000-7f38bc000000 ---p 00000000 00:00 0 
7f38bc000000-7f38bc021000 rw-p 00000000 00:00 0 
7f38bc021000-7f38c0000000 ---p 00000000 00:00 0 
7f38c0000000-7f38c0021000 rw-p 00000000 00:00 0 
7f38c0021000-7f38c4000000 ---p 00000000 00:00 0 
7f38c4000000-7f38c4027000 rw-p 00000000 00:00 0 
7f38c4027000-7f38c8000000 ---p 00000000 00:00 0 
7f38c8000000-7f38c8021000 rw-p 00000000 00:00 0 
7f38c8021000-7f38cc000000 ---p 00000000 00:00 0 
7f38cc000000-7f38ccde2000 rw-p 00000000 00:00 0 
7f38ccde2000-7f38d0000000 ---p 00000000 00:00 0 
7f38d0000000-7f38d187b000 rw-p 00000000 00:00 0 
7f38d187b000-7f38d4000000 ---p 00000000 00:00 0 
7f38d4000000-7f38d4021000 rw-p 00000000 00:00 0 
7f38d4021000-7f38d8000000 ---p 00000000 00:00 0 
7f38d80eb000-7f38d80ee000 ---p 00000000 00:00 0 
7f38d80ee000-7f38d81ec000 rw-p 00000000 00:00 0 
7f38d81ec000-7f38d81ef000 ---p 00000000 00:00 0 
7f38d81ef000-7f38d82ed000 rw-p 00000000 00:00 0 
7f38d82ed000-7f38d82f0000 ---p 00000000 00:00 0 
7f38d82f0000-7f38d83ee000 rw-p 00000000 00:00 0 
7f38d83ee000-7f38d83f1000 ---p 00000000 00:00 0 
7f38d83f1000-7f38d84ef000 rw-p 00000000 00:00 0 
7f38d84ef000-7f38d84f2000 ---p 00000000 00:00 0 
7f38d84f2000-7f38d85f0000 rw-p 00000000 00:00 0 
7f38d85f0000-7f38d85f3000 ---p 00000000 00:00 0 
7f38d85f3000-7f38d86f1000 rw-p 00000000 00:00 0 
7f38d86f1000-7f38d86f4000 ---p 00000000 00:00 0 
7f38d86f4000-7f38d87f2000 rw-p 00000000 00:00 0 
7f38d87f2000-7f38d87f5000 ---p 00000000 00:00 0 
7f38d87f5000-7f38d88f3000 rw-p 00000000 00:00 0 
7f38d88f3000-7f38d88f6000 ---p 00000000 00:00 0 
7f38d88f6000-7f38d89f4000 rw-p 00000000 00:00 0 
7f38d89f4000-7f38d89f7000 ---p 00000000 00:00 0 
7f38d89f7000-7f38d8af5000 rw-p 00000000 00:00 0 
7f38d8af5000-7f38d8af8000 ---p 00000000 00:00 0 
7f38d8af8000-7f38d8bf6000 rw-p 00000000 00:00 0 
7f38d8bf6000-7f38d8bf9000 ---p 00000000 00:00 0 
7f38d8bf9000-7f38d8cf7000 rw-p 00000000 00:00 0 
7f38d8cf7000-7f38d8cfa000 ---p 00000000 00:00 0 
7f38d8cfa000-7f38d8df8000 rw-p 00000000 00:00 0 
7f38d8df8000-7f38d8dfb000 ---p 00000000 00:00 0 
7f38d8dfb000-7f38d8ef9000 rw-p 00000000 00:00 0 
7f38d8ef9000-7f38d8efc000 ---p 00000000 00:00 0 
7f38d8efc000-7f38d8ffa000 rw-p 00000000 00:00 0 
7f38d8ffa000-7f38d8ffd000 ---p 00000000 00:00 0 
7f38d8ffd000-7f38d90fb000 rw-p 00000000 00:00 0 
7f38d90fb000-7f38d90fe000 ---p 00000000 00:00 0 
7f38d90fe000-7f38d91fc000 rw-p 00000000 00:00 0 
7f38d91fc000-7f38d91ff000 ---p 00000000 00:00 0 
7f38d91ff000-7f38d92fd000 rw-p 00000000 00:00 0 
7f38d92fd000-7f38d9300000 ---p 00000000 00:00 0 
7f38d9300000-7f38d93fe000 rw-p 00000000 00:00 0 
7f38d93fe000-7f38d9401000 ---p 00000000 00:00 0 
7f38d9401000-7f38d94ff000 rw-p 00000000 00:00 0 
7f38d94ff000-7f38d9502000 ---p 00000000 00:00 0 
7f38d9502000-7f38d9600000 rw-p 00000000 00:00 0 
7f38d9600000-7f38d9603000 ---p 00000000 00:00 0 
7f38d9603000-7f38d9701000 rw-p 00000000 00:00 0 
7f38d9701000-7f38d9704000 ---p 00000000 00:00 0 
7f38d9704000-7f38d9802000 rw-p 00000000 00:00 0 
7f38d9802000-7f38d9805000 ---p 00000000 00:00 0 
7f38d9805000-7f38d9903000 rw-p 00000000 00:00 0 
7f38d9903000-7f38d9906000 ---p 00000000 00:00 0 
7f38d9906000-7f38d9a04000 rw-p 00000000 00:00 0 
7f38d9a04000-7f38d9a07000 ---p 00000000 00:00 0 
7f38d9a07000-7f38d9b05000 rw-p 00000000 00:00 0 
7f38d9b05000-7f38d9b08000 ---p 00000000 00:00 0 
7f38d9b08000-7f38d9c06000 rw-p 00000000 00:00 0 
7f38d9c06000-7f38da170000 rw-s 00000000 00:04 7438367                    /SYSV00000000 (deleted)
7f38da170000-7f38e0000000 r--p 00000000 fd:00 565538                     /usr/lib/locale/locale-archive
7f38e0000000-7f38e0021000 rw-p 00000000 00:00 0 
7f38e0021000-7f38e4000000 ---p 00000000 00:00 0 
7f38e4000000-7f38e4021000 rw-p 00000000 00:00 0 
7f38e4021000-7f38e8000000 ---p 00000000 00:00 0 
7f38e8000000-7f38e8037000 rw-p 00000000 00:00 0 
7f38e8037000-7f38ec000000 ---p 00000000 00:00 0 
7f38ec000000-7f38ec03f000 rw-p 00000000 00:00 0 
7f38ec03f000-7f38f0000000 ---p 00000000 00:00 0 
7f38f0000000-7f38f0035000 rw-p 00000000 00:00 0 
7f38f0035000-7f38f4000000 ---p 00000000 00:00 0 
7f38f40ee000-7f38f40f1000 ---p 00000000 00:00 0 
7f38f40f1000-7f38f41ef000 rw-p 00000000 00:00 0 
7f38f41ef000-7f38f41f2000 ---p 00000000 00:00 0 
7f38f41f2000-7f38f42f0000 rw-p 00000000 00:00 0 
7f38f42f0000-7f38f42f3000 ---p 00000000 00:00 0 
7f38f42f3000-7f38f43f1000 rw-p 00000000 00:00 0 
7f38f43f1000-7f38f43f4000 ---p 00000000 00:00 0 
7f38f43f4000-7f38f44f2000 rw-p 00000000 00:00 0 
7f38f44f2000-7f38f44f5000 ---p 00000000 00:00 0 
7f38f44f5000-7f38f45f3000 rw-p 00000000 00:00 0 
7f38f45f3000-7f38f45f6000 ---p 00000000 00:00 0 
7f38f45f6000-7f38f46f4000 rw-p 00000000 00:00 0 
7f38f46f4000-7f38f46f7000 ---p 00000000 00:00 0 
7f38f46f7000-7f38f47f5000 rw-p 00000000 00:00 0 
7f38f47f5000-7f38f47fc000 r-xp 00000000 fd:00 797410                     /usr/lib/jvm/java-1.6.0-openjdk-1.6.0.0.x86_64/jre/lib/amd64/libmanagement.so
7f38f47fc000-7f38f49fb000 ---p 00007000 fd:00 797410                     /usr/lib/jvm/java-1.6.0-openjdk-1.6.0.0.x86_64/jre/lib/amd64/libmanagement.so
7f38f49fb000-7f38f49fc000 rw-p 00006000 fd:00 797410                     /usr/lib/jvm/java-1.6.0-openjdk-1.6.0.0.x86_64/jre/lib/amd64/libmanagement.so
7f38f49fc000-7f38f49ff000 ---p 00000000 00:00 0 
7f38f49ff000-7f38f4afd000 rw-p 00000000 00:00 0 
7f38f4afd000-7f38f4b00000 ---p 00000000 00:00 0 
7f38f4b00000-7f38f4bfe000 rw-p 00000000 00:00 0 
7f38f4bfe000-7f38f4c01000 ---p 00000000 00:00 0 
7f38f4c01000-7f38f4cff000 rw-p 00000000 00:00 0 
7f38f4cff000-7f38f4d02000 ---p 00000000 00:00 0 
7f38f4d02000-7f38f4e00000 rw-p 00000000 00:00 0 
7f38f4e00000-7f38f4e05000 r-xp 00000000 fd:00 392474                     /lib64/libnss_dns-2.12.so
7f38f4e05000-7f38f5004000 ---p 00005000 fd:00 392474                     /lib64/libnss_dns-2.12.so
7f38f5004000-7f38f5005000 r--p 00004000 fd:00 392474                     /lib64/libnss_dns-2.12.so
7f38f5005000-7f38f5006000 rw-p 00005000 fd:00 392474                     /lib64/libnss_dns-2.12.so
7f38f5023000-7f38f5026000 ---p 00000000 00:00 0 
7f38f5026000-7f38f5124000 rw-p 00000000 00:00 0 
7f38f5124000-7f38f5127000 ---p 00000000 00:00 0 
7f38f5127000-7f38f5225000 rw-p 00000000 00:00 0 
7f38f5225000-7f38f5228000 ---p 00000000 00:00 0 
7f38f5228000-7f38f5326000 rw-p 00000000 00:00 0 
7f38f5326000-7f38f5329000 ---p 00000000 00:00 0 
7f38f5329000-7f38f5427000 rw-p 00000000 00:00 0 
7f38f5427000-7f38f542a000 ---p 00000000 00:00 0 
7f38f542a000-7f38f5528000 rw-p 00000000 00:00 0 
7f38f5528000-7f38f552b000 ---p 00000000 00:00 0 
7f38f552b000-7f38f5629000 rw-p 00000000 00:00 0 
7f38f5629000-7f38f562c000 ---p 00000000 00:00 0 
7f38f562c000-7f38f572a000 rw-p 00000000 00:00 0 
7f38f572a000-7f38f5730000 r--s 00053000 fd:00 797499                     /usr/lib/jvm/java-1.6.0-openjdk-1.6.0.0.x86_64/jre/lib/resources.jar
7f38f5730000-7f38f5734000 r--s 00000000 fd:00 134304                     /var/cache/fontconfig/87f5e051180a7a75f16eb6fe7dbd3749-le64.cache-3
7f38f5734000-7f38f573d000 r--s 00000000 fd:00 132575                     /var/cache/fontconfig/b79f3aaa7d385a141ab53ec885cc22a8-le64.cache-3
7f38f573d000-7f38f5740000 r--s 00000000 fd:00 134357                     /var/cache/fontconfig/0b1bcc92b4d25cc154d77dafe3bceaa0-le64.cache-3
7f38f5740000-7f38f5742000 r--s 00000000 fd:00 134351                     /var/cache/fontconfig/2e1514a9fdd499050989183bb65136db-le64.cache-3
7f38f5742000-7f38f5745000 r--s 00000000 fd:00 134350                     /var/cache/fontconfig/5c755b2f27115486aa6359c84dd3cbda-le64.cache-3
7f38f5745000-7f38f5746000 r--s 00000000 fd:00 134348                     /var/cache/fontconfig/b966c23d19cce9e9a98d55765cf2a0c7-le64.cache-3
7f38f5746000-7f38f5748000 r--s 00000000 fd:00 134347                     /var/cache/fontconfig/3f821257dd33660ba7bbb45c32deb84c-le64.cache-3
7f38f5748000-7f38f574a000 r--s 00000000 fd:00 134345                     /var/cache/fontconfig/830f035fa84a65ce80e050178dbb630d-le64.cache-3
7f38f574a000-7f38f574b000 r--s 00000000 fd:00 134343                     /var/cache/fontconfig/81a173283b451552b599cfaafd6236bd-le64.cache-3
7f38f574b000-7f38f574c000 r--s 00000000 fd:00 134342                     /var/cache/fontconfig/ac68f755438cc3dc5a526084839fc7ca-le64.cache-3
7f38f574c000-7f38f574d000 r--s 00000000 fd:00 134339                     /var/cache/fontconfig/6cfc7d49b27ba7d3eb71ab86e04def2c-le64.cache-3
7f38f574d000-7f38f574e000 r--s 00000000 fd:00 134338                     /var/cache/fontconfig/6fcb01a03a016cc71057b587cdea6709-le64.cache-3
7f38f574e000-7f38f574f000 r--s 00000000 fd:00 134337                     /var/cache/fontconfig/46d51d90fe9d963f6f4186edb936a931-le64.cache-3
7f38f574f000-7f38f5750000 r--s 00000000 fd:00 134336                     /var/cache/fontconfig/b887eea8f1b96e1d899b44ed6681fc27-le64.cache-3
7f38f5750000-7f38f5751000 r--s 00000000 fd:00 134333                     /var/cache/fontconfig/860639f272b8b4b3094f9e399e41bccd-le64.cache-3
7f38f5751000-7f38f5752000 r--s 00000000 fd:00 134332                     /var/cache/fontconfig/211368abcb0ff835c229ff05c9ec01dc-le64.cache-3
7f38f5752000-7f38f5753000 r--s 00000000 fd:00 134330                     /var/cache/fontconfig/c46020d7221988a13df853d2b46304fc-le64.cache-3
7f38f5753000-7f38f5754000 r--s 00000000 fd:00 134329                     /var/cache/fontconfig/df893b4576ad6107f9397134092c4059-le64.cache-3
7f38f5754000-7f38f5755000 r--s 00000000 fd:00 134328                     /var/cache/fontconfig/900402270e15d763a6e008bb2d4c7686-le64.cache-3
7f38f5755000-7f38f5756000 r--s 00000000 fd:00 134327                     /var/cache/fontconfig/47f48679023f44a4d1e44699a69464f6-le64.cache-3
7f38f5756000-7f38f5757000 r--s 00000000 fd:00 134326                     /var/cache/fontconfig/2881ed3fd21ca306ddad6f9b0dd3189f-le64.cache-3
7f38f5757000-7f38f5758000 r--s 00000000 fd:00 134323                     /var/cache/fontconfig/3c3fb04d32a5211b073874b125d29701-le64.cache-3
7f38f5758000-7f38f5759000 r--s 00000000 fd:00 134322                     /var/cache/fontconfig/e61abf8156cc476151baa07d67337cae-le64.cache-3
7f38f5759000-7f38f575d000 r--s 00000000 fd:00 134321                     /var/cache/fontconfig/b67b32625a2bb51b023d3814a918f351-le64.cache-3
7f38f575d000-7f38f575e000 r--s 00000000 fd:00 134312                     /var/cache/fontconfig/991510d2da7f7b2bf8468002aae90060-le64.cache-3
7f38f575e000-7f38f5760000 r--s 00000000 fd:00 134307                     /var/cache/fontconfig/d3379abda271c4acd2ad0c01f565d0b0-le64.cache-3
7f38f5760000-7f38f5761000 r--s 00000000 fd:00 134306                     /var/cache/fontconfig/b4d0b56f766d89640448751fcd18ec1e-le64.cache-3
7f38f5761000-7f38f576c000 r--s 00000000 fd:00 132029                     /var/cache/fontconfig/614d1caaa4d7914789410f6367de37ca-le64.cache-3
7f38f576c000-7f38f5775000 r--s 00000000 fd:00 134305                     /var/cache/fontconfig/12b26b760a24f8b4feb03ad48a333a72-le64.cache-3
7f38f5775000-7f38f5787000 r--s 00000000 fd:00 134301                     /var/cache/fontconfig/74717c444f6fd72454fa9c9c0ee01ca7-le64.cache-3
7f38f5787000-7f38f578e000 r--s 00000000 fd:00 134300                     /var/cache/fontconfig/928306c3ad40271d946e41014a49fc28-le64.cache-3
7f38f578e000-7f38f5796000 r-xp 00000000 fd:00 809937                     /usr/lib/jvm/java-1.6.0-openjdk-1.6.0.0.x86_64/jre/lib/amd64/libnio.so
7f38f5796000-7f38f5995000 ---p 00008000 fd:00 809937                     /usr/lib/jvm/java-1.6.0-openjdk-1.6.0.0.x86_64/jre/lib/amd64/libnio.so
7f38f5995000-7f38f5996000 rw-p 00007000 fd:00 809937                     /usr/lib/jvm/java-1.6.0-openjdk-1.6.0.0.x86_64/jre/lib/amd64/libnio.so
7f38f5996000-7f38f59ab000 r-xp 00000000 fd:00 797412                     /usr/lib/jvm/java-1.6.0-openjdk-1.6.0.0.x86_64/jre/lib/amd64/libnet.so
7f38f59ab000-7f38f5bab000 ---p 00015000 fd:00 797412                     /usr/lib/jvm/java-1.6.0-openjdk-1.6.0.0.x86_64/jre/lib/amd64/libnet.so
7f38f5bab000-7f38f5bac000 rw-p 00015000 fd:00 797412                     /usr/lib/jvm/java-1.6.0-openjdk-1.6.0.0.x86_64/jre/lib/amd64/libnet.so
7f38f5bac000-7f38f5bb0000 r--s 00000000 fd:00 134304                     /var/cache/fontconfig/87f5e051180a7a75f16eb6fe7dbd3749-le64.cache-3
7f38f5bb0000-7f38f5bb9000 r--s 00000000 fd:00 132575                     /var/cache/fontconfig/b79f3aaa7d385a141ab53ec885cc22a8-le64.cache-3
7f38f5bb9000-7f38f5bbc000 r--s 00000000 fd:00 134357                     /var/cache/fontconfig/0b1bcc92b4d25cc154d77dafe3bceaa0-le64.cache-3
7f38f5bbc000-7f38f5bbe000 r--s 00000000 fd:00 134351                     /var/cache/fontconfig/2e1514a9fdd499050989183bb65136db-le64.cache-3
7f38f5bbe000-7f38f5bc1000 r--s 00000000 fd:00 134350                     /var/cache/fontconfig/5c755b2f27115486aa6359c84dd3cbda-le64.cache-3
7f38f5bc1000-7f38f5bc2000 r--s 00000000 fd:00 134348                     /var/cache/fontconfig/b966c23d19cce9e9a98d55765cf2a0c7-le64.cache-3
7f38f5bc2000-7f38f5bc4000 r--s 00000000 fd:00 134347                     /var/cache/fontconfig/3f821257dd33660ba7bbb45c32deb84c-le64.cache-3
7f38f5bc4000-7f38f5bc6000 r--s 00000000 fd:00 134345                     /var/cache/fontconfig/830f035fa84a65ce80e050178dbb630d-le64.cache-3
7f38f5bc6000-7f38f5bc7000 r--s 00000000 fd:00 134343                     /var/cache/fontconfig/81a173283b451552b599cfaafd6236bd-le64.cache-3
7f38f5bc7000-7f38f5bc8000 r--s 00000000 fd:00 134342                     /var/cache/fontconfig/ac68f755438cc3dc5a526084839fc7ca-le64.cache-3
7f38f5bc8000-7f38f5bc9000 r--s 00000000 fd:00 134339                     /var/cache/fontconfig/6cfc7d49b27ba7d3eb71ab86e04def2c-le64.cache-3
7f38f5bc9000-7f38f5bca000 r--s 00000000 fd:00 134338                     /var/cache/fontconfig/6fcb01a03a016cc71057b587cdea6709-le64.cache-3
7f38f5bca000-7f38f5bcb000 r--s 00000000 fd:00 134337                     /var/cache/fontconfig/46d51d90fe9d963f6f4186edb936a931-le64.cache-3
7f38f5bcb000-7f38f5bcc000 r--s 00000000 fd:00 134336                     /var/cache/fontconfig/b887eea8f1b96e1d899b44ed6681fc27-le64.cache-3
7f38f5bcc000-7f38f5bcd000 r--s 00000000 fd:00 134333                     /var/cache/fontconfig/860639f272b8b4b3094f9e399e41bccd-le64.cache-3
7f38f5bcd000-7f38f5bce000 r--s 00000000 fd:00 134332                     /var/cache/fontconfig/211368abcb0ff835c229ff05c9ec01dc-le64.cache-3
7f38f5bce000-7f38f5bcf000 r--s 00000000 fd:00 134330                     /var/cache/fontconfig/c46020d7221988a13df853d2b46304fc-le64.cache-3
7f38f5bcf000-7f38f5bd0000 r--s 00000000 fd:00 134329                     /var/cache/fontconfig/df893b4576ad6107f9397134092c4059-le64.cache-3
7f38f5bd0000-7f38f5bd1000 r--s 00000000 fd:00 134328                     /var/cache/fontconfig/900402270e15d763a6e008bb2d4c7686-le64.cache-3
7f38f5bd1000-7f38f5bd2000 r--s 00000000 fd:00 134327                     /var/cache/fontconfig/47f48679023f44a4d1e44699a69464f6-le64.cache-3
7f38f5bd2000-7f38f5bd3000 r--s 00000000 fd:00 134326                     /var/cache/fontconfig/2881ed3fd21ca306ddad6f9b0dd3189f-le64.cache-3
7f38f5bd3000-7f38f5bd4000 r--s 00000000 fd:00 134323                     /var/cache/fontconfig/3c3fb04d32a5211b073874b125d29701-le64.cache-3
7f38f5bd4000-7f38f5bd5000 r--s 00000000 fd:00 134322                     /var/cache/fontconfig/e61abf8156cc476151baa07d67337cae-le64.cache-3
7f38f5bd5000-7f38f5bd9000 r--s 00000000 fd:00 134321                     /var/cache/fontconfig/b67b32625a2bb51b023d3814a918f351-le64.cache-3
7f38f5bd9000-7f38f5bda000 r--s 00000000 fd:00 134312                     /var/cache/fontconfig/991510d2da7f7b2bf8468002aae90060-le64.cache-3
7f38f5bda000-7f38f5bdc000 r--s 00000000 fd:00 134307                     /var/cache/fontconfig/d3379abda271c4acd2ad0c01f565d0b0-le64.cache-3
7f38f5bdc000-7f38f5bdd000 r--s 00000000 fd:00 134306                     /var/cache/fontconfig/b4d0b56f766d89640448751fcd18ec1e-le64.cache-3
7f38f5bdd000-7f38f5be8000 r--s 00000000 fd:00 132029                     /var/cache/fontconfig/614d1caaa4d7914789410f6367de37ca-le64.cache-3
7f38f5be8000-7f38f5bf1000 r--s 00000000 fd:00 134305                     /var/cache/fontconfig/12b26b760a24f8b4feb03ad48a333a72-le64.cache-3
7f38f5bf1000-7f38f5c03000 r--s 00000000 fd:00 134301                     /var/cache/fontconfig/74717c444f6fd72454fa9c9c0ee01ca7-le64.cache-3
7f38f5c03000-7f38f5c0a000 r--s 00000000 fd:00 134300                     /var/cache/fontconfig/928306c3ad40271d946e41014a49fc28-le64.cache-3
7f38f5c0a000-7f38f5c0b000 r--s 00000000 fd:00 134281                     /var/cache/fontconfig/1248881498ac025e45c3042f6afe9284-le64.cache-3
7f38f5c0b000-7f38f5c0e000 r--s 00000000 fd:00 134361                     /var/cache/fontconfig/beeeeb3dfe132a8a0633a017c99ce0c0-le64.cache-3
7f38f5c0e000-7f38f5c11000 ---p 00000000 00:00 0 
7f38f5c11000-7f38f5d0f000 rw-p 00000000 00:00 0 
7f38f5d0f000-7f38f5d58000 r-xp 00000000 fd:00 797394                     /usr/lib/jvm/java-1.6.0-openjdk-1.6.0.0.x86_64/jre/lib/amd64/libfontmanager.so
7f38f5d58000-7f38f5f58000 ---p 00049000 fd:00 797394                     /usr/lib/jvm/java-1.6.0-openjdk-1.6.0.0.x86_64/jre/lib/amd64/libfontmanager.so
7f38f5f58000-7f38f5f5b000 rw-p 00049000 fd:00 797394                     /usr/lib/jvm/java-1.6.0-openjdk-1.6.0.0.x86_64/jre/lib/amd64/libfontmanager.so
7f38f5f5b000-7f38f5fa8000 r-xp 00000000 fd:00 809942                     /usr/lib/jvm/java-1.6.0-openjdk-1.6.0.0.x86_64/jre/lib/amd64/xawt/libmawt.so
7f38f5fa8000-7f38f61a8000 ---p 0004d000 fd:00 809942                     /usr/lib/jvm/java-1.6.0-openjdk-1.6.0.0.x86_64/jre/lib/amd64/xawt/libmawt.so
7f38f61a8000-7f38f61ab000 rw-p 0004d000 fd:00 809942                     /usr/lib/jvm/java-1.6.0-openjdk-1.6.0.0.x86_64/jre/lib/amd64/xawt/libmawt.so
7f38f61ab000-7f38f61ad000 rw-p 00000000 00:00 0 
7f38f61ad000-7f38f6250000 r-xp 00000000 fd:00 797392                     /usr/lib/jvm/java-1.6.0-openjdk-1.6.0.0.x86_64/jre/lib/amd64/libawt.so
7f38f6250000-7f38f6450000 ---p 000a3000 fd:00 797392                     /usr/lib/jvm/java-1.6.0-openjdk-1.6.0.0.x86_64/jre/lib/amd64/libawt.so
7f38f6450000-7f38f645c000 rw-p 000a3000 fd:00 797392                     /usr/lib/jvm/java-1.6.0-openjdk-1.6.0.0.x86_64/jre/lib/amd64/libawt.so
7f38f645c000-7f38f6480000 rw-p 00000000 00:00 0 
7f38f6480000-7f38f6482000 r--s 00007000 fd:00 1724400                    /home/Rahul/git/BBQ_GUI_v1/BBQ_GUI_v1/swing2swt.jar
7f38f6482000-7f38f6498000 r--s 00190000 fd:00 1724629                    /home/Rahul/git/BBQ_GUI_v1/BBQ_GUI_v1/lib/swt.jar
7f38f6498000-7f38f64ae000 r--s 00226000 fd:00 1724630                    /home/Rahul/git/BBQ_GUI_v1/BBQ_GUI_v1/lib/swt-debug.jar
7f38f64ae000-7f38f64c1000 r--s 000ec000 fd:00 1724633                    /home/Rahul/git/BBQ_GUI_v1/BBQ_GUI_v1/lib/commons-math-2.2.jar
7f38f64c1000-7f38f64cf000 r--s 0017e000 fd:00 1724643                    /home/Rahul/git/BBQ_GUI_v1/BBQ_GUI_v1/lib/jdataviewer-1.5.4.jar
7f38f64cf000-7f38f64d4000 r--s 00036000 fd:00 1724626                    /home/Rahul/git/BBQ_GUI_v1/BBQ_GUI_v1/lib/sdcommon-0.9.0.jar
7f38f64d4000-7f38f64f0000 r--s 0015d000 fd:00 1724624                    /home/Rahul/git/BBQ_GUI_v1/BBQ_GUI_v1/lib/swingx.jar
7f38f64f0000-7f38f6530000 r--s 002b0000 fd:00 1724636                    /home/Rahul/git/BBQ_GUI_v1/BBQ_GUI_v1/lib/spring.jar
7f38f6530000-7f38f65ae000 r--s 00566000 fd:00 1724621                    /home/Rahul/git/BBQ_GUI_v1/BBQ_GUI_v1/lib/jacorb.jar
7f38f65ae000-7f38f65af000 ---p 00000000 00:00 0 
7f38f65af000-7f38f66af000 rw-p 00000000 00:00 0 
7f38f66af000-7f38f66b2000 ---p 00000000 00:00 0 
7f38f66b2000-7f38f67b0000 rw-p 00000000 00:00 0 
7f38f67b0000-7f38f67b3000 ---p 00000000 00:00 0 
7f38f67b3000-7f38f68b1000 rw-p 00000000 00:00 0 
7f38f68b1000-7f38f68b4000 ---p 00000000 00:00 0 
7f38f68b4000-7f38f69b2000 rw-p 00000000 00:00 0 
7f38f69b2000-7f38f69b5000 ---p 00000000 00:00 0 
7f38f69b5000-7f38f6ab3000 rw-p 00000000 00:00 0 
7f38f6ab3000-7f38f6ab6000 ---p 00000000 00:00 0 
7f38f6ab6000-7f38f6bb4000 rw-p 00000000 00:00 0 
7f38f6bb4000-7f38f6bb7000 ---p 00000000 00:00 0 
7f38f6bb7000-7f38f6cb5000 rw-p 00000000 00:00 0 
7f38f6cb5000-7f38f6cb6000 ---p 00000000 00:00 0 
7f38f6cb6000-7f38f9000000 rw-p 00000000 00:00 0 
7f38f9000000-7f38f9330000 rwxp 00000000 00:00 0 
7f38f9330000-7f38fc789000 rw-p 00000000 00:00 0 
7f38fc789000-7f3900000000 ---p 00000000 00:00 0 
7f3900003000-7f3900005000 r--s 00001000 fd:00 797442                     /usr/lib/jvm/java-1.6.0-openjdk-1.6.0.0.x86_64/jre/lib/ext/dnsns.jar
7f3900005000-7f3900006000 r--p 00000000 00:00 0 
7f3900006000-7f3900007000 r--s 00000000 fd:00 134281                     /var/cache/fontconfig/1248881498ac025e45c3042f6afe9284-le64.cache-3
7f3900007000-7f390000a000 r--s 00000000 fd:00 134361                     /var/cache/fontconfig/beeeeb3dfe132a8a0633a017c99ce0c0-le64.cache-3
7f390000a000-7f390000d000 r--s 00014000 fd:00 1724627                    /home/Rahul/git/BBQ_GUI_v1/BBQ_GUI_v1/lib/logkit.jar
7f390000d000-7f3900015000 r--s 00058000 fd:00 1724625                    /home/Rahul/git/BBQ_GUI_v1/BBQ_GUI_v1/lib/log4j.jar
7f3900015000-7f3900016000 r--s 00002000 fd:00 1724628                    /home/Rahul/git/BBQ_GUI_v1/BBQ_GUI_v1/lib/jta.jar
7f3900016000-7f390001d000 r--s 0004b000 fd:00 1724635                    /home/Rahul/git/BBQ_GUI_v1/BBQ_GUI_v1/lib/japc.jar
7f390001d000-7f3900020000 r--s 0001f000 fd:00 1724623                    /home/Rahul/git/BBQ_GUI_v1/BBQ_GUI_v1/lib/japc-value.jar
7f3900020000-7f3900022000 r--s 00014000 fd:00 1724642                    /home/Rahul/git/BBQ_GUI_v1/BBQ_GUI_v1/lib/japc-ext-cmwrda.jar
7f3900022000-7f3900024000 r--s 0000c000 fd:00 1724613                    /home/Rahul/git/BBQ_GUI_v1/BBQ_GUI_v1/lib/commons-logging.jar
7f3900024000-7f3900026000 r--s 0000b000 fd:00 1724634                    /home/Rahul/git/BBQ_GUI_v1/BBQ_GUI_v1/lib/commons-codec.jar
7f3900026000-7f3900030000 r--s 00076000 fd:00 1724639                    /home/Rahul/git/BBQ_GUI_v1/BBQ_GUI_v1/lib/cmw-rda.jar
7f3900030000-7f3900034000 r--s 0002a000 fd:00 1724644                    /home/Rahul/git/BBQ_GUI_v1/BBQ_GUI_v1/lib/accsoft-security-rba.jar
7f3900034000-7f3900038000 r--s 0003c000 fd:00 788765                     /usr/lib/jvm/java-1.6.0-openjdk-1.6.0.0.x86_64/jre/lib/jsse.jar
7f3900038000-7f390018d000 rw-p 00000000 00:00 0 
7f390018d000-7f3900322000 r--s 019f2000 fd:00 809928                     /usr/lib/jvm/java-1.6.0-openjdk-1.6.0.0.x86_64/jre/lib/rt.jar
7f3900322000-7f39009ca000 rw-p 00000000 00:00 0 
7f39009ca000-7f39009cb000 ---p 00000000 00:00 0 
7f39009cb000-7f3900acb000 rw-p 00000000 00:00 0 
7f3900acb000-7f3900acc000 ---p 00000000 00:00 0 
7f3900acc000-7f3900be7000 rw-p 00000000 00:00 0 
7f3900be7000-7f3900c1f000 rw-p 00000000 00:00 0 
7f3900c1f000-7f3900c3a000 rw-p 00000000 00:00 0 
7f3900c3a000-7f3900cfd000 rw-p 00000000 00:00 0 
7f3900cfd000-7f3900d18000 rw-p 00000000 00:00 0 
7f3900d18000-7f3900d50000 rw-p 00000000 00:00 0 
7f3900d50000-7f3900d6b000 rw-p 00000000 00:00 0 
7f3900d6b000-7f3900e2e000 rw-p 00000000 00:00 0 
7f3900e2e000-7f3900e46000 rw-p 00000000 00:00 0 
7f3900e46000-7f3900e71000 ---p 00000000 00:00 0 
7f3900e71000-7f3900e9d000 rw-p 00000000 00:00 0 
7f3900e9d000-7f3900eab000 rw-p 00000000 00:00 0 
7f3900eab000-7f3900f5e000 rw-p 00000000 00:00 0 
7f3900f5e000-7f3900f65000 r-xp 00000000 fd:00 809939                     /usr/lib/jvm/java-1.6.0-openjdk-1.6.0.0.x86_64/jre/lib/amd64/libzip.so
7f3900f65000-7f3901165000 ---p 00007000 fd:00 809939                     /usr/lib/jvm/java-1.6.0-openjdk-1.6.0.0.x86_64/jre/lib/amd64/libzip.so
7f3901165000-7f3901166000 rw-p 00007000 fd:00 809939                     /usr/lib/jvm/java-1.6.0-openjdk-1.6.0.0.x86_64/jre/lib/amd64/libzip.so
7f3901166000-7f3901172000 r-xp 00000000 fd:00 392896                     /lib64/libnss_files-2.12.so
7f3901172000-7f3901372000 ---p 0000c000 fd:00 392896                     /lib64/libnss_files-2.12.so
7f3901372000-7f3901373000 r--p 0000c000 fd:00 392896                     /lib64/libnss_files-2.12.so
7f3901373000-7f3901374000 rw-p 0000d000 fd:00 392896                     /lib64/libnss_files-2.12.so
7f3901374000-7f3901375000 r--s 00003000 fd:00 1724622                    /home/Rahul/git/BBQ_GUI_v1/BBQ_GUI_v1/lib/cmw-serializer.jar
7f3901375000-7f3901377000 r--s 00004000 fd:00 1724640                    /home/Rahul/git/BBQ_GUI_v1/BBQ_GUI_v1/lib/cmw-directory-client.jar
7f3901377000-7f3901388000 r--s 00102000 fd:00 1724641                    /home/Rahul/git/BBQ_GUI_v1/BBQ_GUI_v1/lib/accsoft-gui-frame.jar
7f3901388000-7f3901391000 r--s 0003e000 fd:00 1724632                    /home/Rahul/git/BBQ_GUI_v1/BBQ_GUI_v1/lib/accsoft-commons-core.jar
7f3901391000-7f39013be000 r-xp 00000000 fd:00 797401                     /usr/lib/jvm/java-1.6.0-openjdk-1.6.0.0.x86_64/jre/lib/amd64/libjava.so
7f39013be000-7f39015bd000 ---p 0002d000 fd:00 797401                     /usr/lib/jvm/java-1.6.0-openjdk-1.6.0.0.x86_64/jre/lib/amd64/libjava.so
7f39015bd000-7f39015c1000 rw-p 0002c000 fd:00 797401                     /usr/lib/jvm/java-1.6.0-openjdk-1.6.0.0.x86_64/jre/lib/amd64/libjava.so
7f39015c1000-7f39015cf000 r-xp 00000000 fd:00 797420                     /usr/lib/jvm/java-1.6.0-openjdk-1.6.0.0.x86_64/jre/lib/amd64/libverify.so
7f39015cf000-7f39017cf000 ---p 0000e000 fd:00 797420                     /usr/lib/jvm/java-1.6.0-openjdk-1.6.0.0.x86_64/jre/lib/amd64/libverify.so
7f39017cf000-7f39017d1000 rw-p 0000e000 fd:00 797420                     /usr/lib/jvm/java-1.6.0-openjdk-1.6.0.0.x86_64/jre/lib/amd64/libverify.so
7f39017d1000-7f39017d4000 ---p 00000000 00:00 0 
7f39017d4000-7f39018d2000 rw-p 00000000 00:00 0 
7f39018d2000-7f3901955000 r-xp 00000000 fd:00 417958                     /lib64/libm-2.12.so
7f3901955000-7f3901b54000 ---p 00083000 fd:00 417958                     /lib64/libm-2.12.so
7f3901b54000-7f3901b55000 r--p 00082000 fd:00 417958                     /lib64/libm-2.12.so
7f3901b55000-7f3901b56000 rw-p 00083000 fd:00 417958                     /lib64/libm-2.12.so
7f3901b56000-7f3902561000 r-xp 00000000 fd:00 797426                     /usr/lib/jvm/java-1.6.0-openjdk-1.6.0.0.x86_64/jre/lib/amd64/server/libjvm.so
7f3902561000-7f3902761000 ---p 00a0b000 fd:00 797426                     /usr/lib/jvm/java-1.6.0-openjdk-1.6.0.0.x86_64/jre/lib/amd64/server/libjvm.so
7f3902761000-7f3902802000 rw-p 00a0b000 fd:00 797426                     /usr/lib/jvm/java-1.6.0-openjdk-1.6.0.0.x86_64/jre/lib/amd64/server/libjvm.so
7f3902802000-7f3902830000 rw-p 00000000 00:00 0 
7f3902830000-7f3902833000 r--s 00011000 fd:00 1724638                    /home/Rahul/git/BBQ_GUI_v1/BBQ_GUI_v1/lib/avalon-framework.jar
7f3902833000-7f3902834000 r--s 00008000 fd:00 1724631                    /home/Rahul/git/BBQ_GUI_v1/BBQ_GUI_v1/lib/accsoft-security-rba-util.jar
7f3902834000-7f3902837000 r--s 0001c000 fd:00 1724637                    /home/Rahul/git/BBQ_GUI_v1/BBQ_GUI_v1/lib/accsoft-commons-util.jar
7f3902837000-7f3902840000 r--s 00065000 fd:00 797443                     /usr/lib/jvm/java-1.6.0-openjdk-1.6.0.0.x86_64/jre/lib/ext/gnome-java-bridge.jar
7f3902840000-7f3902843000 r--s 0000f000 fd:00 797447                     /usr/lib/jvm/java-1.6.0-openjdk-1.6.0.0.x86_64/jre/lib/ext/pulse-java.jar
7f3902843000-7f390284b000 rw-s 00000000 fd:00 1049659                    /tmp/hsperfdata_Rahul/7367
7f390284b000-7f390284c000 rw-p 00000000 00:00 0 
7f390284c000-7f390284d000 r--p 00000000 00:00 0 
7f390284d000-7f390284e000 rw-p 00000000 00:00 0 
7fff17129000-7fff1713f000 rw-p 00000000 00:00 0                          [stack]
7fff171ff000-7fff17200000 r-xp 00000000 00:00 0                          [vdso]
ffffffffff600000-ffffffffff601000 r-xp 00000000 00:00 0                  [vsyscall]

VM Arguments:
jvm_args: -Dfile.encoding=UTF-8 
java_command: de.gsi.sd.BBQ_Proto1.BBQ_GUIApplication
Launcher Type: SUN_STANDARD

Environment Variables:
PATH=/home/Rahul/scripts:/usr/sue/bin:/usr/lib64/qt-3.3/bin:/usr/local/bin:/usr/bin:/bin:/usr/local/sbin:/usr/sbin:/sbin:/home/Rahul/bin
USERNAME=Rahul
LD_LIBRARY_PATH=/usr/lib/jvm/java-1.6.0-openjdk-1.6.0.0.x86_64/jre/lib/amd64/server:/usr/lib/jvm/java-1.6.0-openjdk-1.6.0.0.x86_64/jre/lib/amd64:/usr/lib/jvm/java-1.6.0-openjdk-1.6.0.0.x86_64/jre/../lib/amd64
SHELL=/bin/bash
DISPLAY=:0.0

Signal Handlers:
SIGSEGV: [libjvm.so+0x8706f0], sa_mask[0]=0x7ffbfeff, sa_flags=0x10000004
SIGBUS: [libjvm.so+0x8706f0], sa_mask[0]=0x7ffbfeff, sa_flags=0x10000004
SIGFPE: [libjvm.so+0x719020], sa_mask[0]=0x7ffbfeff, sa_flags=0x10000004
SIGPIPE: [libjvm.so+0x719020], sa_mask[0]=0x7ffbfeff, sa_flags=0x10000004
SIGXFSZ: [libjvm.so+0x719020], sa_mask[0]=0x7ffbfeff, sa_flags=0x10000004
SIGILL: [libjvm.so+0x719020], sa_mask[0]=0x7ffbfeff, sa_flags=0x10000004
SIGUSR1: SIG_DFL, sa_mask[0]=0x00000000, sa_flags=0x00000000
SIGUSR2: [libjvm.so+0x718b40], sa_mask[0]=0x00000004, sa_flags=0x10000004
SIGHUP: [libjvm.so+0x71bbd0], sa_mask[0]=0x7ffbfeff, sa_flags=0x10000004
SIGINT: [libjvm.so+0x71bbd0], sa_mask[0]=0x7ffbfeff, sa_flags=0x10000004
SIGTERM: [libjvm.so+0x71bbd0], sa_mask[0]=0x7ffbfeff, sa_flags=0x10000004
SIGQUIT: [libjvm.so+0x71bbd0], sa_mask[0]=0x7ffbfeff, sa_flags=0x10000004


---------------  S Y S T E M  ---------------

OS:Scientific Linux CERN SLC release 6.5 (Carbon)

uname:Linux 2.6.32-431.1.2.el6.x86_64 #1 SMP Fri Dec 13 08:31:15 CET 2013 x86_64
libc:glibc 2.12 NPTL 2.12 
rlimit: STACK 10240k, CORE 0k, NPROC 1024, NOFILE 4096, AS infinity
load average:0.00 0.00 0.00

/proc/meminfo:
MemTotal:        1919600 kB
MemFree:          253852 kB
Buffers:          123336 kB
Cached:           470868 kB
SwapCached:        23828 kB
Active:           743244 kB
Inactive:         711884 kB
Active(anon):     471112 kB
Inactive(anon):   401064 kB
Active(file):     272132 kB
Inactive(file):   310820 kB
Unevictable:           0 kB
Mlocked:               0 kB
SwapTotal:       6233232 kB
SwapFree:        6040600 kB
Dirty:                80 kB
Writeback:             4 kB
AnonPages:        847960 kB
Mapped:            42660 kB
Shmem:             11240 kB
Slab:             126292 kB
SReclaimable:      52016 kB
SUnreclaim:        74276 kB
KernelStack:        3096 kB
PageTables:        38680 kB
NFS_Unstable:          0 kB
Bounce:                0 kB
WritebackTmp:          0 kB
CommitLimit:     7193032 kB
Committed_AS:    1996012 kB
VmallocTotal:   34359738367 kB
VmallocUsed:      333016 kB
VmallocChunk:   34359323896 kB
HardwareCorrupted:     0 kB
AnonHugePages:    538624 kB
HugePages_Total:       0
HugePages_Free:        0
HugePages_Rsvd:        0
HugePages_Surp:        0
Hugepagesize:       2048 kB
DirectMap4k:        6148 kB
DirectMap2M:     2088960 kB


CPU:total 2 (2 cores per cpu, 1 threads per core) family 6 model 23 stepping 10, cmov, cx8, fxsr, mmx, sse, sse2, sse3, ssse3, sse4.1, tsc

/proc/cpuinfo:
processor	: 0
vendor_id	: GenuineIntel
cpu family	: 6
model		: 23
model name	: Intel(R) Core(TM)2 Duo CPU     E8400  @ 3.00GHz
stepping	: 10
cpu MHz		: 2992.616
cache size	: 6144 KB
physical id	: 0
siblings	: 2
core id		: 0
cpu cores	: 2
apicid		: 0
initial apicid	: 0
fpu		: yes
fpu_exception	: yes
cpuid level	: 13
wp		: yes
flags		: fpu vme de pse tsc msr pae mce cx8 apic sep mtrr pge mca cmov pat pse36 clflush dts acpi mmx fxsr sse sse2 ss ht tm pbe syscall nx lm constant_tsc arch_perfmon pebs bts rep_good aperfmperf pni dtes64 monitor ds_cpl vmx smx est tm2 ssse3 cx16 xtpr pdcm sse4_1 xsave lahf_lm dts tpr_shadow vnmi flexpriority
bogomips	: 5985.23
clflush size	: 64
cache_alignment	: 64
address sizes	: 36 bits physical, 48 bits virtual
power management:

processor	: 1
vendor_id	: GenuineIntel
cpu family	: 6
model		: 23
model name	: Intel(R) Core(TM)2 Duo CPU     E8400  @ 3.00GHz
stepping	: 10
cpu MHz		: 2992.616
cache size	: 6144 KB
physical id	: 0
siblings	: 2
core id		: 1
cpu cores	: 2
apicid		: 1
initial apicid	: 1
fpu		: yes
fpu_exception	: yes
cpuid level	: 13
wp		: yes
flags		: fpu vme de pse tsc msr pae mce cx8 apic sep mtrr pge mca cmov pat pse36 clflush dts acpi mmx fxsr sse sse2 ss ht tm pbe syscall nx lm constant_tsc arch_perfmon pebs bts rep_good aperfmperf pni dtes64 monitor ds_cpl vmx smx est tm2 ssse3 cx16 xtpr pdcm sse4_1 xsave lahf_lm dts tpr_shadow vnmi flexpriority
bogomips	: 5985.23
clflush size	: 64
cache_alignment	: 64
address sizes	: 36 bits physical, 48 bits virtual
power management:



Memory: 4k page, physical 1919600k(253852k free), swap 6233232k(6040600k free)

vm_info: OpenJDK 64-Bit Server VM (23.25-b01) for linux-amd64 JRE (1.6.0_28-b28), built on Nov 22 2013 04:23:39 by "mockbuild" with gcc 4.4.7 20120313 (Red Hat 4.4.7-3)

time: Wed Sep 24 11:36:50 2014
elapsed time: 6018 seconds

